
> waynest-fe@0.0.0 build
> vite build

[36mvite v8.0.0 [32mbuilding client environment for production...[36m[39m
[2K
transforming...Γ£ô 3439 modules transformed.
rendering chunks...
computing gzip size...
dist/index.html                                          3.67 kB Γöé gzip:  1.01 kB
dist/assets/VerifiedBadge-DrTogP-B.css                   0.20 kB Γöé gzip:  0.16 kB
dist/assets/GuestLayout-BqT_ctt9.css                     0.54 kB Γöé gzip:  0.23 kB
dist/assets/AuthLayout-Ci9PuJvh.css                      0.57 kB Γöé gzip:  0.29 kB
dist/assets/ProviderLayout-Br1SnVaZ.css                  0.70 kB Γöé gzip:  0.31 kB
dist/assets/StatusPage-BK7M1Gnx.css                      0.76 kB Γöé gzip:  0.40 kB
dist/assets/TagsPage-D-6shKpP.css                        1.07 kB Γöé gzip:  0.46 kB
dist/assets/UsersPage-DFbx8ds4.css                       1.07 kB Γöé gzip:  0.46 kB
dist/assets/EventsPage-BzswYC_7.css                      1.08 kB Γöé gzip:  0.46 kB
dist/assets/PlacesPage-CA_4ctXi.css                      1.08 kB Γöé gzip:  0.46 kB
dist/assets/ReviewsPage-Bgwv2SgO.css                     1.09 kB Γöé gzip:  0.46 kB
dist/assets/CountriesPage-eUcFfSxI.css                   1.10 kB Γöé gzip:  0.46 kB
dist/assets/ProvidersPage-BRfxeuGp.css                   1.10 kB Γöé gzip:  0.46 kB
dist/assets/CurrenciesPage-D_zDFfno.css                  1.10 kB Γöé gzip:  0.46 kB
dist/assets/PlacePricingPage-C53v11Nj.css                1.12 kB Γöé gzip:  0.46 kB
dist/assets/PlaceOpeningHoursPage-qOmyK-OA.css           1.16 kB Γöé gzip:  0.47 kB
dist/assets/ProviderMembershipPage-B1amtr-q.css          1.16 kB Γöé gzip:  0.47 kB
dist/assets/CitiesPage-5jbDF4hi.css                      1.52 kB Γöé gzip:  0.55 kB
dist/assets/GuestFooter-Da2sduFH.css                     1.54 kB Γöé gzip:  0.62 kB
dist/assets/Settings-ijKqVmfb.css                        1.58 kB Γöé gzip:  0.63 kB
dist/assets/EventDetail-ChJqAW-K.css                     2.00 kB Γöé gzip:  0.76 kB
dist/assets/AdminDashboard-hksbs7Ko.css                  2.31 kB Γöé gzip:  0.83 kB
dist/assets/InvitePage-BjvV1-_D.css                      2.42 kB Γöé gzip:  0.84 kB
dist/assets/GeoTables-DxMZtUyo.css                       2.48 kB Γöé gzip:  0.84 kB
dist/assets/SavedPlans-Dn5ubIR3.css                      2.60 kB Γöé gzip:  0.75 kB
dist/assets/SearchPage-BBU0KK1e.css                      2.76 kB Γöé gzip:  0.82 kB
dist/assets/Bookings-BQ7dDsi1.css                        2.88 kB Γöé gzip:  0.91 kB
dist/assets/ActivitiesPage-CqBtlVOA.css                  3.05 kB Γöé gzip:  0.89 kB
dist/assets/Wishlist-DsMs08wp.css                        3.25 kB Γöé gzip:  0.94 kB
dist/assets/VerifyEmail-DGrR4nxI.css                     3.27 kB Γöé gzip:  1.10 kB
dist/assets/SocialLayout-BLWbLdAD.css                    3.63 kB Γöé gzip:  1.08 kB
dist/assets/ChooseAccountMode-cm8h1SkA.css               3.77 kB Γöé gzip:  1.06 kB
dist/assets/About-CYy2JJPo.css                           3.91 kB Γöé gzip:  1.21 kB
dist/assets/DevicesPage-TafdzUJ7.css                     4.40 kB Γöé gzip:  0.99 kB
dist/assets/ProviderPlaces-Bjwwp3G8.css                  4.58 kB Γöé gzip:  1.03 kB
dist/assets/TripPlanner-CGRGlC9M.css                     5.38 kB Γöé gzip:  1.42 kB
dist/assets/FeedbackSection-BgWkHREb.css                 5.39 kB Γöé gzip:  1.26 kB
dist/assets/Contact-ZXH00QVe.css                         5.59 kB Γöé gzip:  1.46 kB
dist/assets/Login-BUUhC1tp.css                           5.76 kB Γöé gzip:  1.68 kB
dist/assets/adminCollection-D9tkCrL2.css                 6.57 kB Γöé gzip:  1.22 kB
dist/assets/Register-741D5ca_.css                        6.78 kB Γöé gzip:  1.81 kB
dist/assets/Destinations-BKPyh0Zj.css                    6.90 kB Γöé gzip:  1.88 kB
dist/assets/PublicTripPage-CJ8xEklZ.css                  7.30 kB Γöé gzip:  1.61 kB
dist/assets/UserSocialProfile-DbANhW75.css               7.88 kB Γöé gzip:  1.94 kB
dist/assets/PlaceDetail-BX-tr2Dg.css                     8.85 kB Γöé gzip:  2.04 kB
dist/assets/PanelLayout-DA-GaFdM.css                    10.35 kB Γöé gzip:  2.26 kB
dist/assets/LandingPage-DvEP5jIr.css                    11.46 kB Γöé gzip:  2.60 kB
dist/assets/ProviderApplyPage-U6Ft_jOF.css              12.42 kB Γöé gzip:  2.50 kB
dist/assets/Profile-_rv_W6xg.css                        13.15 kB Γöé gzip:  2.95 kB
dist/assets/Explore-CaMnqnLj.css                        15.49 kB Γöé gzip:  2.80 kB
dist/assets/providerPanel-Cm3vd7kA.css                  18.81 kB Γöé gzip:  3.18 kB
dist/assets/SocialFeed-D13BJV5q.css                     22.57 kB Γöé gzip:  4.00 kB
dist/assets/provider-business-K6-YvJqF.css              24.52 kB Γöé gzip:  4.26 kB
dist/assets/TripPlanner-CkGfFveU.css                    32.80 kB Γöé gzip:  5.32 kB
dist/assets/MessengerHub-Csq4SFZi.css                   35.27 kB Γöé gzip:  5.89 kB
dist/assets/social-Du8eHQZp.css                         40.55 kB Γöé gzip:  6.51 kB
dist/assets/NavbarPublic-BhQId5ke.css                   40.84 kB Γöé gzip:  6.03 kB
dist/assets/index-BQHnPuzm.css                          54.16 kB Γöé gzip:  9.87 kB
dist/assets/extendsObject-B4Fj4rPe.js                    0.12 kB Γöé gzip:  0.12 kB
dist/assets/user-B-zl1RFG.js                             0.12 kB Γöé gzip:  0.12 kB
dist/assets/trips-C_W4euwp.js                            0.16 kB Γöé gzip:  0.14 kB
dist/assets/InboxPage-D2jyJB4c.js                        0.19 kB Γöé gzip:  0.17 kB
dist/assets/calendar-C8x812aD.js                         0.22 kB Γöé gzip:  0.17 kB
dist/assets/clipboard-IEBbI9L8.js                        0.25 kB Γöé gzip:  0.18 kB
dist/assets/ConversationPage-BZgJTaXx.js                 0.27 kB Γöé gzip:  0.23 kB
dist/assets/inMemoryDraft-BSlxVwCh.js                    0.28 kB Γöé gzip:  0.15 kB
dist/assets/CommunityTabPlaceholder-S96PdQGY.js          0.31 kB Γöé gzip:  0.23 kB
dist/assets/VerifiedBadge-Cj8AXiON.js                    0.32 kB Γöé gzip:  0.24 kB
dist/assets/clsx-Dt5TBCCM.js                             0.36 kB Γöé gzip:  0.23 kB
dist/assets/providerApplications-CvI6SGLv.js             0.37 kB Γöé gzip:  0.20 kB
dist/assets/useMediaQuery-uNSgZ6pF.js                    0.37 kB Γöé gzip:  0.25 kB
dist/assets/NotFound-GicYdfEJ.js                         0.39 kB Γöé gzip:  0.30 kB
dist/assets/StatusPage-BPArGgyB.js                       0.41 kB Γöé gzip:  0.27 kB
dist/assets/user-COZr263U.js                             0.43 kB Γöé gzip:  0.26 kB
dist/assets/trips-mE7gzg6Z.js                            0.47 kB Γöé gzip:  0.26 kB
dist/assets/AdminLayout-C6OljZ2R.js                      0.47 kB Γöé gzip:  0.31 kB
dist/assets/ProviderBusinessLayout-Bbco0w65.js           0.56 kB Γöé gzip:  0.36 kB
dist/assets/useExternalTextMap-BSXbFerL.js               0.64 kB Γöé gzip:  0.41 kB
dist/assets/chunk-DECur_0Z.js                            0.68 kB Γöé gzip:  0.41 kB
dist/assets/Unauthorized-BbW1qWqL.js                     0.68 kB Γöé gzip:  0.45 kB
dist/assets/usePlaceOptions-CLsoXQ6D.js                  0.68 kB Γöé gzip:  0.46 kB
dist/assets/reviews-BJenjuzo.js                          0.71 kB Γöé gzip:  0.31 kB
dist/assets/ProviderLayout-awdIuCwM.js                   0.72 kB Γöé gzip:  0.45 kB
dist/assets/PlusOutlined-DsMfTrqJ.js                     0.72 kB Γöé gzip:  0.48 kB
dist/assets/initReactI18next-3qxiBDwT.js                 0.75 kB Γöé gzip:  0.48 kB
dist/assets/errors-DvPHqrMY.js                           0.77 kB Γöé gzip:  0.43 kB
dist/assets/InfoCircleFilled-DEnGRhdZ.js                 0.81 kB Γöé gzip:  0.54 kB
dist/assets/formatTripPlanDisplayName-iUcFXg-K.js        0.91 kB Γöé gzip:  0.50 kB
dist/assets/DeleteOutlined-5CrpTqLh.js                   0.93 kB Γöé gzip:  0.61 kB
dist/assets/requestCache-C166DlCU.js                     0.93 kB Γöé gzip:  0.49 kB
dist/assets/avatar-BfDfwUCx.js                           0.94 kB Γöé gzip:  0.42 kB
dist/assets/ProviderWorkspaceContext-Fm6xMV0J.js         1.01 kB Γöé gzip:  0.43 kB
dist/assets/AuthLayout-C3q-NPCp.js                       1.02 kB Γöé gzip:  0.54 kB
dist/assets/placeImage-ROSDoJK7.js                       1.06 kB Γöé gzip:  0.42 kB
dist/assets/PurePanel-ncVid5Yu.js                        1.06 kB Γöé gzip:  0.66 kB
dist/assets/AuthContext-BSnJXlVw.js                      1.11 kB Γöé gzip:  0.57 kB
dist/assets/mediaUrl-Om2uAmwl.js                         1.14 kB Γöé gzip:  0.56 kB
dist/assets/SocialLayout-BtLk9RxZ.js                     1.22 kB Γöé gzip:  0.63 kB
dist/assets/useClosable-tFqVDlpc.js                      1.25 kB Γöé gzip:  0.66 kB
dist/assets/GuestLayout-CqiaWlhw.js                      1.42 kB Γöé gzip:  0.72 kB
dist/assets/GuestFooter-Coy2NpUi.js                      1.51 kB Γöé gzip:  0.67 kB
dist/assets/ExclamationCircleFilled-BNholIq5.js          1.54 kB Γöé gzip:  0.71 kB
dist/assets/ai-Dk0BLxPg.js                               1.62 kB Γöé gzip:  0.76 kB
dist/assets/auth-JnR4HbRy.js                             1.82 kB Γöé gzip:  0.75 kB
dist/assets/provider-ClCr8d6V.js                         1.86 kB Γöé gzip:  0.83 kB
dist/assets/style-BObyiEM6.js                            1.96 kB Γöé gzip:  0.82 kB
dist/assets/InvitePage-lOTU3N0d.js                       2.02 kB Γöé gzip:  0.90 kB
dist/assets/Settings-CCin-DWw.js                         2.15 kB Γöé gzip:  0.85 kB
dist/assets/KeyCode-sMhpMJe4.js                          2.17 kB Γöé gzip:  1.15 kB
dist/assets/message-CIfnmD2c.js                          2.19 kB Γöé gzip:  1.08 kB
dist/assets/useMutation-93LBmyjc.js                      2.33 kB Γöé gzip:  0.97 kB
dist/assets/SocialPostDetail-D1ZoqR1F.js                 2.38 kB Γöé gzip:  1.03 kB
dist/assets/catalog-Dw8XP-tW.js                          2.39 kB Γöé gzip:  1.04 kB
dist/assets/ProviderPanelProfile-BPZ9NPDp.js             2.39 kB Γöé gzip:  0.97 kB
dist/assets/TagsPage-CQHG0d6H.js                         2.42 kB Γöé gzip:  1.05 kB
dist/assets/iconBase-CLkSeNSY.js                         2.51 kB Γöé gzip:  1.10 kB
dist/assets/CurrenciesPage-DcpnnAqD.js                   2.75 kB Γöé gzip:  1.12 kB
dist/assets/ProviderMembershipPage-D2zftzvz.js           2.83 kB Γöé gzip:  1.11 kB
dist/assets/admin-IWT5bn_i.js                            2.98 kB Γöé gzip:  0.87 kB
dist/assets/ProviderBookings-dR-s_pDw.js                 3.08 kB Γöé gzip:  1.33 kB
dist/assets/ProvidersPage-FAgnglyR.js                    3.13 kB Γöé gzip:  1.19 kB
dist/assets/CitiesPage-DCSvV6Vz.js                       3.17 kB Γöé gzip:  1.26 kB
dist/assets/Wishlist-Cwpm5cfa.js                         3.30 kB Γöé gzip:  1.22 kB
dist/assets/UsersPage-BJyZrSX-.js                        3.32 kB Γöé gzip:  1.23 kB
dist/assets/CountriesPage-C2DVpajN.js                    3.51 kB Γöé gzip:  1.32 kB
dist/assets/VerificationRequests-vH2XjqS2.js             3.64 kB Γöé gzip:  1.31 kB
dist/assets/Login-CcM4VQ8-.js                            3.71 kB Γöé gzip:  1.55 kB
dist/assets/social.service-UkUCSq1x.js                   3.77 kB Γöé gzip:  1.48 kB
dist/assets/EventsPage-CyhEo6Ow.js                       3.78 kB Γöé gzip:  1.44 kB
dist/assets/PlacePricingPage-B3zzLQhF.js                 3.80 kB Γöé gzip:  1.40 kB
dist/assets/ChooseAccountMode-BBztD0ja.js                3.80 kB Γöé gzip:  1.19 kB
dist/assets/ReviewsPage-BJmDWn1z.js                      3.85 kB Γöé gzip:  1.56 kB
dist/assets/ProviderReviewsPage-DNsQXzrK.js              3.86 kB Γöé gzip:  1.51 kB
dist/assets/PlaceOpeningHoursPage-CVydeKGj.js            3.98 kB Γöé gzip:  1.41 kB
dist/assets/Bookings-DmRJ-IDR.js                         3.98 kB Γöé gzip:  1.53 kB
dist/assets/About-BSrvtSw2.js                            4.00 kB Γöé gzip:  1.23 kB
dist/assets/SavedPlans-DQXuSxB4.js                       4.33 kB Γöé gzip:  1.88 kB
dist/assets/DevicesPage-Dzhq43-G.js                      4.39 kB Γöé gzip:  1.56 kB
dist/assets/fa-BEekPmKh.js                               4.59 kB Γöé gzip:  1.74 kB
dist/assets/useTranslation--BLNXIs4.js                   4.61 kB Γöé gzip:  2.16 kB
dist/assets/md-C7v0FQo7.js                               4.62 kB Γöé gzip:  1.56 kB
dist/assets/Contact-BtN_Qbk7.js                          4.69 kB Γöé gzip:  1.06 kB
dist/assets/GeoTables-DDIwJCc5.js                        4.71 kB Γöé gzip:  1.00 kB
dist/assets/SearchPage-C5MZbzN1.js                       5.03 kB Γöé gzip:  1.77 kB
dist/assets/VerifyEmail-BdgmkqaP.js                      5.18 kB Γöé gzip:  2.05 kB
dist/assets/dataNormalizers-DKWtgaND.js                  5.27 kB Γöé gzip:  1.23 kB
dist/assets/ProviderContext-Cl6s9vho.js                  5.30 kB Γöé gzip:  1.90 kB
dist/assets/EventDetail-B6Jwt0je.js                      5.35 kB Γöé gzip:  1.84 kB
dist/assets/Register-Cif8dSwe.js                         5.68 kB Γöé gzip:  1.75 kB
dist/assets/ActivitiesPage-LCTn_c1z.js                   5.72 kB Γöé gzip:  1.97 kB
dist/assets/Destinations-BhuVj5C_.js                     6.15 kB Γöé gzip:  2.19 kB
dist/assets/ProviderEvents-_cTNXBon.js                   6.15 kB Γöé gzip:  2.12 kB
dist/assets/PlacesPage-Df47uPzX.js                       6.25 kB Γöé gzip:  2.20 kB
dist/assets/SocialFeed-EeCoR5Lo.js                       6.40 kB Γöé gzip:  2.59 kB
dist/assets/NotificationsPage-DnfKTo8h.js                6.72 kB Γöé gzip:  2.17 kB
dist/assets/adminCollection-DwucQ6Ml.js                  6.86 kB Γöé gzip:  3.03 kB
dist/assets/AdminDashboard-BxK84DYL.js                   6.94 kB Γöé gzip:  2.72 kB
dist/assets/jsx-runtime-M0brOElA.js                      7.10 kB Γöé gzip:  2.71 kB
dist/assets/routes-IfN5FbVW.js                           7.23 kB Γöé gzip:  1.93 kB
dist/assets/switch-BGm2xDFi.js                           7.57 kB Γöé gzip:  2.58 kB
dist/assets/ProviderCreatePostPage-bIhfoZa0.js           7.57 kB Γöé gzip:  2.54 kB
dist/assets/social-DDHFaVEb.js                           7.77 kB Γöé gzip:  2.53 kB
dist/assets/SearchOutlined-Dm7p6dU7.js                   7.86 kB Γöé gzip:  3.25 kB
dist/assets/TripPlanner.module-cyeOyIgB.js               8.13 kB Γöé gzip:  2.14 kB
dist/assets/provider-business-zGvMk_h6.js                8.21 kB Γöé gzip:  2.72 kB
dist/assets/SavedTripPage-byDd9YQB.js                    8.67 kB Γöé gzip:  2.45 kB
dist/assets/useQuery-DvsdxpOy.js                         8.78 kB Γöé gzip:  3.21 kB
dist/assets/UserSocialProfile-Vg0wtL8_.js                9.06 kB Γöé gzip:  2.93 kB
dist/assets/card-B2p1ujkZ.js                             9.12 kB Γöé gzip:  3.22 kB
dist/assets/skeleton-DK_r8cw4.js                         9.45 kB Γöé gzip:  3.19 kB
dist/assets/FeedbackSection-BowEE1Xt.js                  9.66 kB Γöé gzip:  2.83 kB
dist/assets/browser-ponyfill-fcVnytIg.js                 9.72 kB Γöé gzip:  3.23 kB
dist/assets/ProviderApplicationsAdminPage-DiZBOQpo.js   10.16 kB Γöé gzip:  3.91 kB
dist/assets/PanelLayout-BtKZr1WO.js                     12.27 kB Γöé gzip:  3.42 kB
dist/assets/CreatePostCard-DZuLJ2kJ.js                  12.85 kB Γöé gzip:  3.79 kB
dist/assets/PublicTripPage-C-ojfshM.js                  13.01 kB Γöé gzip:  3.91 kB
dist/assets/ProviderProfilePage-Bwi0BcWr.js             13.23 kB Γöé gzip:  3.74 kB
dist/assets/QueryClientProvider-D1UWyjGy.js             13.82 kB Γöé gzip:  4.77 kB
dist/assets/ProviderBusinessFeed-D5O2AD8W.js            13.92 kB Γöé gzip:  3.19 kB
dist/assets/PlaceDetail-COsPncQs.js                     14.18 kB Γöé gzip:  4.33 kB
dist/assets/LandingPage-DuGKvja7.js                     14.29 kB Γöé gzip:  3.21 kB
dist/assets/spin-B9PWNpwP.js                            14.74 kB Γöé gzip:  5.66 kB
dist/assets/Explore-cB7bsahc.js                         15.89 kB Γöé gzip:  4.28 kB
dist/assets/Profile-BdkmSZqs.js                         16.32 kB Γöé gzip:  4.49 kB
dist/assets/fi-DnHJcvlh.js                              18.83 kB Γöé gzip:  2.66 kB
dist/assets/ProviderPlaces-DIUeSqcI.js                  20.26 kB Γöé gzip:  6.00 kB
dist/assets/TripPlannerCalendarPage-D52iDsnf.js         26.59 kB Γöé gzip:  6.53 kB
dist/assets/modal-C5Lzu9x2.js                           26.96 kB Γöé gzip:  9.27 kB
dist/assets/dist-kGRIdwsG.js                            30.32 kB Γöé gzip:  9.21 kB
dist/assets/tabs-CRWW-1N8.js                            33.83 kB Γöé gzip: 11.12 kB
dist/assets/social-1rr_dV1y.js                          38.64 kB Γöé gzip: 10.19 kB
dist/assets/request-B3pZZEeE.js                         39.82 kB Γöé gzip: 15.51 kB
dist/assets/NavbarPublic-B0dEk5W9.js                    41.61 kB Γöé gzip:  9.85 kB
dist/assets/MessengerHub-D4slsRLO.js                    42.02 kB Γöé gzip: 12.47 kB
dist/assets/input-BsbtfPhd.js                           43.42 kB Γöé gzip: 16.22 kB
dist/assets/upload-CZ1Fa4RT.js                          46.46 kB Γöé gzip: 16.28 kB
dist/assets/TripPlanner-DN8LG4-h.js                     47.24 kB Γöé gzip: 13.96 kB
dist/assets/ProviderApplyPage-JP7RTGEg.js               54.67 kB Γöé gzip: 13.61 kB
dist/assets/i18n-BFFGmVYP.js                            62.09 kB Γöé gzip: 19.49 kB
dist/assets/dist-N3n-glwh.js                            65.27 kB Γöé gzip: 21.62 kB
dist/assets/select-CyTaWjPw.js                          65.83 kB Γöé gzip: 22.78 kB
dist/assets/space-CMWqEOAn.js                           73.13 kB Γöé gzip: 23.30 kB
dist/assets/ContextIsolator-C3hz8X2k.js                 78.30 kB Γöé gzip: 25.00 kB
dist/assets/render-C3LawQsv.js                         121.83 kB Γöé gzip: 46.01 kB
dist/assets/react-dom-DeEDnI7G.js                      132.72 kB Γöé gzip: 43.08 kB
dist/assets/index-DbzPf3xD.js                          184.27 kB Γöé gzip: 60.97 kB
dist/assets/table-C9hhGdc9.js                          204.40 kB Γöé gzip: 61.76 kB
dist/assets/date-picker-Bjp_PpCG.js                    204.91 kB Γöé gzip: 48.65 kB

[32mΓ£ô built in 1.82s[39m
